INFO _internal.py :122  * Running on http://127.0.0.1:5000/ (Press CTRL+C to quit)
INFO _internal.py :122 127.0.0.1 - - [07/May/2019 15:38:50] "GET / HTTP/1.1" 304 -
INFO _internal.py :122 127.0.0.1 - - [07/May/2019 15:38:50] "GET /static/plugins/bootstrap/css/bootstrap.min.css HTTP/1.1" 304 -
INFO _internal.py :122 127.0.0.1 - - [07/May/2019 15:38:50] "GET /static/plugins/font-awesome/css/font-awesome.min.css HTTP/1.1" 304 -
INFO _internal.py :122 127.0.0.1 - - [07/May/2019 15:38:50] "GET /static/css/reset.css HTTP/1.1" 304 -
INFO _internal.py :122 127.0.0.1 - - [07/May/2019 15:38:50] "GET /static/plugins/swiper/css/swiper.min.css HTTP/1.1" 304 -
INFO _internal.py :122 127.0.0.1 - - [07/May/2019 15:38:50] "GET /static/plugins/bootstrap-datepicker/css/bootstrap-datepicker.min.css HTTP/1.1" 304 -
INFO _internal.py :122 127.0.0.1 - - [07/May/2019 15:38:50] "GET /static/css/ihome/main.css HTTP/1.1" 304 -
INFO _internal.py :122 127.0.0.1 - - [07/May/2019 15:38:50] "GET /static/css/ihome/index.css HTTP/1.1" 304 -
INFO _internal.py :122 127.0.0.1 - - [07/May/2019 15:38:50] "GET /static/images/logo@128x59.png HTTP/1.1" 304 -
INFO _internal.py :122 127.0.0.1 - - [07/May/2019 15:38:50] "GET /static/images/home01.jpg HTTP/1.1" 304 -
INFO _internal.py :122 127.0.0.1 - - [07/May/2019 15:38:50] "GET /static/images/home02.jpg HTTP/1.1" 304 -
INFO _internal.py :122 127.0.0.1 - - [07/May/2019 15:38:50] "GET /static/images/home03.jpg HTTP/1.1" 304 -
INFO _internal.py :122 127.0.0.1 - - [07/May/2019 15:38:50] "GET /static/js/jquery.min.js HTTP/1.1" 304 -
INFO _internal.py :122 127.0.0.1 - - [07/May/2019 15:38:50] "GET /static/plugins/bootstrap/js/bootstrap.min.js HTTP/1.1" 304 -
INFO _internal.py :122 127.0.0.1 - - [07/May/2019 15:38:50] "GET /static/plugins/swiper/js/swiper.jquery.min.js HTTP/1.1" 304 -
INFO _internal.py :122 127.0.0.1 - - [07/May/2019 15:38:50] "GET /static/plugins/bootstrap-datepicker/js/bootstrap-datepicker.min.js HTTP/1.1" 304 -
INFO _internal.py :122 127.0.0.1 - - [07/May/2019 15:38:50] "GET /static/plugins/bootstrap-datepicker/locales/bootstrap-datepicker.zh-CN.min.js HTTP/1.1" 304 -
INFO _internal.py :122 127.0.0.1 - - [07/May/2019 15:38:50] "GET /static/js/template.js HTTP/1.1" 304 -
INFO _internal.py :122 127.0.0.1 - - [07/May/2019 15:38:50] "GET /static/js/ihome/index.js HTTP/1.1" 304 -
INFO _internal.py :122 127.0.0.1 - - [07/May/2019 15:38:52] "GET /static/plugins/font-awesome/fonts/fontawesome-webfont.woff2?v=4.6.3 HTTP/1.1" 304 -
INFO _internal.py :122 127.0.0.1 - - [07/May/2019 15:38:56] "GET /static/plugins/swiper/js/maps/swiper.jquery.min.js.map HTTP/1.1" 404 -
INFO _internal.py :122 127.0.0.1 - - [07/May/2019 15:38:56] "GET /static/plugins/bootstrap/css/bootstrap.min.css.map HTTP/1.1" 304 -
INFO _internal.py :122 127.0.0.1 - - [07/May/2019 15:38:58] "GET /register.html HTTP/1.1" 304 -
INFO _internal.py :122 127.0.0.1 - - [07/May/2019 15:38:58] "GET /static/css/ihome/register.css HTTP/1.1" 304 -
INFO _internal.py :122 127.0.0.1 - - [07/May/2019 15:38:58] "GET /static/js/ihome/register.js HTTP/1.1" 304 -
INFO _internal.py :122 127.0.0.1 - - [07/May/2019 15:38:58] "GET /api/v1.0/img_codes/cdc8998f-58ee-470e-8f76-c477ed20ca40 HTTP/1.1" 200 -
INFO _internal.py :122 127.0.0.1 - - [07/May/2019 15:39:02] "GET /api/v1.0/img_codes/9ab356ca-58d0-4175-a3fd-0ba1be73b08f HTTP/1.1" 200 -
INFO _internal.py :122 127.0.0.1 - - [07/May/2019 15:39:07] "GET /api/v1.0/sms_codes/18662916733?image_code=8kri&image_code_id=9ab356ca-58d0-4175-a3fd-0ba1be73b08f HTTP/1.1" 200 -
INFO _internal.py :122  * Running on http://127.0.0.1:5000/ (Press CTRL+C to quit)
INFO _internal.py :122 127.0.0.1 - - [07/May/2019 18:46:46] "GET /register.html HTTP/1.1" 304 -
INFO _internal.py :122 127.0.0.1 - - [07/May/2019 18:46:46] "GET /api/v1.0/img_codes/b5e6141d-61d8-46cb-8c96-7e1256431f58 HTTP/1.1" 200 -
INFO _internal.py :122 127.0.0.1 - - [07/May/2019 18:46:46] "GET /favicon.ico HTTP/1.1" 200 -
ERROR app.py :1761 Exception on /api/v1.0/users [POST]
Traceback (most recent call last):
  File "/Users/crius/VirtualenvWrapper/flask/lib/python3.7/site-packages/flask/app.py", line 2292, in wsgi_app
    response = self.full_dispatch_request()
  File "/Users/crius/VirtualenvWrapper/flask/lib/python3.7/site-packages/flask/app.py", line 1815, in full_dispatch_request
    rv = self.handle_user_exception(e)
  File "/Users/crius/VirtualenvWrapper/flask/lib/python3.7/site-packages/flask/app.py", line 1718, in handle_user_exception
    reraise(exc_type, exc_value, tb)
  File "/Users/crius/VirtualenvWrapper/flask/lib/python3.7/site-packages/flask/_compat.py", line 35, in reraise
    raise value
  File "/Users/crius/VirtualenvWrapper/flask/lib/python3.7/site-packages/flask/app.py", line 1813, in full_dispatch_request
    rv = self.dispatch_request()
  File "/Users/crius/VirtualenvWrapper/flask/lib/python3.7/site-packages/flask/app.py", line 1799, in dispatch_request
    return self.view_functions[rule.endpoint](**req.view_args)
  File "/Users/crius/PycharmProjects/ihome/ihome/api_1_0/passport.py", line 21, in register
    mobile = req_dict.get("mobile")
AttributeError: 'NoneType' object has no attribute 'get'
INFO _internal.py :122 127.0.0.1 - - [07/May/2019 18:46:55] "POST /api/v1.0/users HTTP/1.1" 500 -
INFO _internal.py :122 127.0.0.1 - - [07/May/2019 18:47:15] "GET /api/v1.0/img_codes/ff08b1c6-254d-472a-8fb6-fd68a12f8e86 HTTP/1.1" 200 -
INFO _internal.py :122 127.0.0.1 - - [07/May/2019 18:47:21] "GET /api/v1.0/sms_codes/18662916733?image_code=kt8v&image_code_id=ff08b1c6-254d-472a-8fb6-fd68a12f8e86 HTTP/1.1" 200 -
INFO _internal.py :122 127.0.0.1 - - [07/May/2019 18:47:46] "POST /api/v1.0/users HTTP/1.1" 200 -
INFO _internal.py :122  * Running on http://127.0.0.1:5000/ (Press CTRL+C to quit)
INFO _internal.py :122 127.0.0.1 - - [07/May/2019 19:00:34] "GET /register.html HTTP/1.1" 304 -
INFO _internal.py :122 127.0.0.1 - - [07/May/2019 19:00:34] "GET /api/v1.0/img_codes/012a215b-9506-4fcc-8757-480b8abe96e2 HTTP/1.1" 200 -
INFO _internal.py :122 127.0.0.1 - - [07/May/2019 19:00:34] "GET /favicon.ico HTTP/1.1" 200 -
INFO _internal.py :122 127.0.0.1 - - [07/May/2019 19:00:51] "GET /api/v1.0/sms_codes/18662916733?image_code=e5zc&image_code_id=012a215b-9506-4fcc-8757-480b8abe96e2 HTTP/1.1" 200 -
INFO csrf.py :251 The CSRF token is missing.
INFO _internal.py :122 127.0.0.1 - - [07/May/2019 19:01:15] "POST /api/v1.0/users HTTP/1.1" 400 -
INFO csrf.py :251 The CSRF token is missing.
INFO _internal.py :122 127.0.0.1 - - [07/May/2019 19:01:38] "POST /api/v1.0/users HTTP/1.1" 400 -
INFO _internal.py :122  * Running on http://127.0.0.1:5000/ (Press CTRL+C to quit)
INFO _internal.py :122 127.0.0.1 - - [07/May/2019 19:09:22] "GET /register.html HTTP/1.1" 304 -
INFO _internal.py :122 127.0.0.1 - - [07/May/2019 19:09:23] "GET /api/v1.0/img_codes/02c3ed8a-de8c-4eff-9a5f-8c734b75abd1 HTTP/1.1" 200 -
INFO _internal.py :122 127.0.0.1 - - [07/May/2019 19:09:23] "GET /favicon.ico HTTP/1.1" 200 -
INFO _internal.py :122 127.0.0.1 - - [07/May/2019 19:09:30] "GET /api/v1.0/img_codes/4b1a2d53-3fe8-485a-bf07-e164be5d9de6 HTTP/1.1" 200 -
INFO _internal.py :122 127.0.0.1 - - [07/May/2019 19:09:37] "GET /api/v1.0/sms_codes/18662916733?image_code=t4kv&image_code_id=4b1a2d53-3fe8-485a-bf07-e164be5d9de6 HTTP/1.1" 200 -
INFO csrf.py :251 The CSRF token is missing.
INFO _internal.py :122 127.0.0.1 - - [07/May/2019 19:10:00] "POST /api/v1.0/users HTTP/1.1" 400 -
INFO csrf.py :251 The CSRF token is missing.
INFO _internal.py :122 127.0.0.1 - - [07/May/2019 19:10:16] "POST /api/v1.0/users HTTP/1.1" 400 -
INFO _internal.py :122  * Running on http://127.0.0.1:5000/ (Press CTRL+C to quit)
INFO _internal.py :122 127.0.0.1 - - [08/May/2019 11:20:58] "GET / HTTP/1.1" 304 -
INFO _internal.py :122 127.0.0.1 - - [08/May/2019 11:20:59] "GET /static/plugins/bootstrap/css/bootstrap.min.css HTTP/1.1" 304 -
INFO _internal.py :122 127.0.0.1 - - [08/May/2019 11:20:59] "GET /static/plugins/font-awesome/css/font-awesome.min.css HTTP/1.1" 304 -
INFO _internal.py :122 127.0.0.1 - - [08/May/2019 11:20:59] "GET /static/css/reset.css HTTP/1.1" 304 -
INFO _internal.py :122 127.0.0.1 - - [08/May/2019 11:20:59] "GET /static/plugins/swiper/css/swiper.min.css HTTP/1.1" 304 -
INFO _internal.py :122 127.0.0.1 - - [08/May/2019 11:20:59] "GET /static/plugins/bootstrap-datepicker/css/bootstrap-datepicker.min.css HTTP/1.1" 304 -
INFO _internal.py :122 127.0.0.1 - - [08/May/2019 11:20:59] "GET /static/css/ihome/main.css HTTP/1.1" 304 -
INFO _internal.py :122 127.0.0.1 - - [08/May/2019 11:20:59] "GET /static/css/ihome/index.css HTTP/1.1" 304 -
INFO _internal.py :122 127.0.0.1 - - [08/May/2019 11:20:59] "GET /static/images/logo@128x59.png HTTP/1.1" 304 -
INFO _internal.py :122 127.0.0.1 - - [08/May/2019 11:20:59] "GET /static/images/home01.jpg HTTP/1.1" 304 -
INFO _internal.py :122 127.0.0.1 - - [08/May/2019 11:20:59] "GET /static/images/home02.jpg HTTP/1.1" 304 -
INFO _internal.py :122 127.0.0.1 - - [08/May/2019 11:20:59] "GET /static/images/home03.jpg HTTP/1.1" 304 -
INFO _internal.py :122 127.0.0.1 - - [08/May/2019 11:20:59] "GET /static/js/jquery.min.js HTTP/1.1" 304 -
INFO _internal.py :122 127.0.0.1 - - [08/May/2019 11:20:59] "GET /static/plugins/bootstrap/js/bootstrap.min.js HTTP/1.1" 304 -
INFO _internal.py :122 127.0.0.1 - - [08/May/2019 11:20:59] "GET /static/plugins/swiper/js/swiper.jquery.min.js HTTP/1.1" 304 -
INFO _internal.py :122 127.0.0.1 - - [08/May/2019 11:20:59] "GET /static/plugins/bootstrap-datepicker/js/bootstrap-datepicker.min.js HTTP/1.1" 304 -
INFO _internal.py :122 127.0.0.1 - - [08/May/2019 11:20:59] "GET /static/plugins/bootstrap-datepicker/locales/bootstrap-datepicker.zh-CN.min.js HTTP/1.1" 304 -
INFO _internal.py :122 127.0.0.1 - - [08/May/2019 11:20:59] "GET /static/js/template.js HTTP/1.1" 304 -
INFO _internal.py :122 127.0.0.1 - - [08/May/2019 11:20:59] "GET /static/js/ihome/index.js HTTP/1.1" 304 -
INFO _internal.py :122 127.0.0.1 - - [08/May/2019 11:21:00] "GET /static/plugins/font-awesome/fonts/fontawesome-webfont.woff2?v=4.6.3 HTTP/1.1" 304 -
INFO _internal.py :122 127.0.0.1 - - [08/May/2019 11:21:04] "GET /static/plugins/swiper/js/maps/swiper.jquery.min.js.map HTTP/1.1" 404 -
INFO _internal.py :122 127.0.0.1 - - [08/May/2019 11:21:04] "GET /static/plugins/bootstrap/css/bootstrap.min.css.map HTTP/1.1" 304 -
INFO _internal.py :122 127.0.0.1 - - [08/May/2019 11:21:09] "GET /register.html HTTP/1.1" 304 -
INFO _internal.py :122 127.0.0.1 - - [08/May/2019 11:21:09] "GET /static/css/ihome/register.css HTTP/1.1" 304 -
INFO _internal.py :122 127.0.0.1 - - [08/May/2019 11:21:09] "GET /static/js/ihome/register.js HTTP/1.1" 200 -
INFO _internal.py :122 127.0.0.1 - - [08/May/2019 11:21:09] "GET /api/v1.0/img_codes/982e349e-ec4b-4f9c-833e-2566d73b80ad HTTP/1.1" 200 -
INFO _internal.py :122 127.0.0.1 - - [08/May/2019 11:21:18] "GET /api/v1.0/sms_codes/18662916733?image_code=ppha&image_code_id=982e349e-ec4b-4f9c-833e-2566d73b80ad HTTP/1.1" 200 -
INFO _internal.py :122 127.0.0.1 - - [08/May/2019 11:21:44] "POST /api/v1.0/users HTTP/1.1" 200 -
INFO _internal.py :122 127.0.0.1 - - [08/May/2019 11:22:32] "GET /api/v1.0/img_codes/01967ea5-fe27-495f-8d47-b54d9a92fe5d HTTP/1.1" 200 -
INFO _internal.py :122 127.0.0.1 - - [08/May/2019 11:22:41] "GET /api/v1.0/img_codes/468b8a0d-f3e9-4f13-bac3-1fa74fc25ca0 HTTP/1.1" 200 -
INFO _internal.py :122 127.0.0.1 - - [08/May/2019 11:22:51] "GET /api/v1.0/sms_codes/18662916733?image_code=nhyl&image_code_id=468b8a0d-f3e9-4f13-bac3-1fa74fc25ca0 HTTP/1.1" 200 -
INFO _internal.py :122 127.0.0.1 - - [08/May/2019 11:23:11] "POST /api/v1.0/users HTTP/1.1" 200 -
INFO _internal.py :122  * Running on http://127.0.0.1:5000/ (Press CTRL+C to quit)
INFO _internal.py :122 127.0.0.1 - - [08/May/2019 11:27:47] "GET /register.html HTTP/1.1" 304 -
INFO _internal.py :122 127.0.0.1 - - [08/May/2019 11:27:47] "GET /api/v1.0/img_codes/d45ed3f2-6257-42c1-80dc-332bf78dd485 HTTP/1.1" 200 -
INFO _internal.py :122 127.0.0.1 - - [08/May/2019 11:27:47] "GET /favicon.ico HTTP/1.1" 200 -
INFO _internal.py :122 127.0.0.1 - - [08/May/2019 11:27:53] "GET /api/v1.0/img_codes/cd2dca81-9172-416d-adbc-031c1f2836a2 HTTP/1.1" 200 -
ERROR img_code.py :58 'NoneType' object has no attribute 'decode'
INFO _internal.py :122 127.0.0.1 - - [08/May/2019 11:32:03] "GET /api/v1.0/sms_codes/18662916733?image_code=kaq8&image_code_id=cd2dca81-9172-416d-adbc-031c1f2836a2 HTTP/1.1" 200 -
INFO _internal.py :122 127.0.0.1 - - [08/May/2019 11:32:15] "GET /register.html HTTP/1.1" 304 -
INFO _internal.py :122 127.0.0.1 - - [08/May/2019 11:32:16] "GET /api/v1.0/img_codes/432d9e93-ac05-49c1-b5df-260f7b53339a HTTP/1.1" 200 -
INFO _internal.py :122 127.0.0.1 - - [08/May/2019 11:32:16] "GET /favicon.ico HTTP/1.1" 200 -
INFO _internal.py :122 127.0.0.1 - - [08/May/2019 11:32:26] "GET /api/v1.0/sms_codes/18662916733?image_code=g3h5&image_code_id=432d9e93-ac05-49c1-b5df-260f7b53339a HTTP/1.1" 200 -
INFO _internal.py :122 127.0.0.1 - - [08/May/2019 11:33:20] "POST /api/v1.0/users HTTP/1.1" 200 -
INFO _internal.py :122  * Running on http://127.0.0.1:5000/ (Press CTRL+C to quit)
INFO _internal.py :122 127.0.0.1 - - [08/May/2019 11:35:30] "GET /register.html HTTP/1.1" 304 -
INFO _internal.py :122 127.0.0.1 - - [08/May/2019 11:35:30] "GET /api/v1.0/img_codes/d8246183-94a4-4791-a618-e51aec4280ef HTTP/1.1" 200 -
INFO _internal.py :122 127.0.0.1 - - [08/May/2019 11:35:30] "GET /favicon.ico HTTP/1.1" 200 -
INFO _internal.py :122 127.0.0.1 - - [08/May/2019 11:35:42] "GET /api/v1.0/sms_codes/18662916733?image_code=olrz&image_code_id=d8246183-94a4-4791-a618-e51aec4280ef HTTP/1.1" 200 -
ERROR app.py :1761 Exception on /api/v1.0/users [POST]
Traceback (most recent call last):
  File "/Users/crius/VirtualenvWrapper/flask/lib/python3.7/site-packages/flask/app.py", line 2292, in wsgi_app
    response = self.full_dispatch_request()
  File "/Users/crius/VirtualenvWrapper/flask/lib/python3.7/site-packages/flask/app.py", line 1815, in full_dispatch_request
    rv = self.handle_user_exception(e)
  File "/Users/crius/VirtualenvWrapper/flask/lib/python3.7/site-packages/flask/app.py", line 1718, in handle_user_exception
    reraise(exc_type, exc_value, tb)
  File "/Users/crius/VirtualenvWrapper/flask/lib/python3.7/site-packages/flask/_compat.py", line 35, in reraise
    raise value
  File "/Users/crius/VirtualenvWrapper/flask/lib/python3.7/site-packages/flask/app.py", line 1813, in full_dispatch_request
    rv = self.dispatch_request()
  File "/Users/crius/VirtualenvWrapper/flask/lib/python3.7/site-packages/flask/app.py", line 1799, in dispatch_request
    return self.view_functions[rule.endpoint](**req.view_args)
  File "/Users/crius/PycharmProjects/ihome/ihome/api_1_0/passport.py", line 22, in register
    print(" ++++++++++ sms_code === " % sms_code)
TypeError: not all arguments converted during string formatting
INFO _internal.py :122 127.0.0.1 - - [08/May/2019 11:36:04] "POST /api/v1.0/users HTTP/1.1" 500 -
INFO _internal.py :122  * Running on http://127.0.0.1:5000/ (Press CTRL+C to quit)
INFO _internal.py :122 127.0.0.1 - - [08/May/2019 11:37:05] "GET /register.html HTTP/1.1" 304 -
INFO _internal.py :122 127.0.0.1 - - [08/May/2019 11:37:05] "GET /api/v1.0/img_codes/e8074a60-c331-49a9-8d23-c83ebf417963 HTTP/1.1" 200 -
INFO _internal.py :122 127.0.0.1 - - [08/May/2019 11:37:05] "GET /favicon.ico HTTP/1.1" 200 -
INFO _internal.py :122 127.0.0.1 - - [08/May/2019 11:37:17] "GET /api/v1.0/sms_codes/18662916733?image_code=hjws&image_code_id=e8074a60-c331-49a9-8d23-c83ebf417963 HTTP/1.1" 200 -
INFO _internal.py :122 127.0.0.1 - - [08/May/2019 11:37:38] "POST /api/v1.0/users HTTP/1.1" 200 -
INFO _internal.py :122  * Running on http://127.0.0.1:5000/ (Press CTRL+C to quit)
INFO _internal.py :122 127.0.0.1 - - [08/May/2019 11:38:15] "GET /register.html HTTP/1.1" 304 -
INFO _internal.py :122 127.0.0.1 - - [08/May/2019 11:38:15] "GET /api/v1.0/img_codes/59681220-2200-4142-afb5-38dcb0129c9a HTTP/1.1" 200 -
INFO _internal.py :122 127.0.0.1 - - [08/May/2019 11:38:15] "GET /favicon.ico HTTP/1.1" 200 -
INFO _internal.py :122 127.0.0.1 - - [08/May/2019 11:38:26] "GET /api/v1.0/sms_codes/18662916733?image_code=ktap&image_code_id=59681220-2200-4142-afb5-38dcb0129c9a HTTP/1.1" 200 -
INFO _internal.py :122 127.0.0.1 - - [08/May/2019 11:38:49] "POST /api/v1.0/users HTTP/1.1" 200 -
INFO _internal.py :122 127.0.0.1 - - [08/May/2019 11:38:49] "GET /index.html HTTP/1.1" 200 -
INFO _internal.py :122 127.0.0.1 - - [08/May/2019 11:38:49] "GET /static/plugins/swiper/js/maps/swiper.jquery.min.js.map HTTP/1.1" 404 -
INFO _internal.py :122  * Running on http://127.0.0.1:5000/ (Press CTRL+C to quit)
ERROR app.py :1761 Exception on / [GET]
Traceback (most recent call last):
  File "/Users/crius/VirtualenvWrapper/flask/lib/python3.7/site-packages/redis/connection.py", line 492, in connect
    sock = self._connect()
  File "/Users/crius/VirtualenvWrapper/flask/lib/python3.7/site-packages/redis/connection.py", line 550, in _connect
    raise err
  File "/Users/crius/VirtualenvWrapper/flask/lib/python3.7/site-packages/redis/connection.py", line 538, in _connect
    sock.connect(socket_address)
ConnectionRefusedError: [Errno 61] Connection refused

During handling of the above exception, another exception occurred:

Traceback (most recent call last):
  File "/Users/crius/VirtualenvWrapper/flask/lib/python3.7/site-packages/flask/app.py", line 2292, in wsgi_app
    response = self.full_dispatch_request()
  File "/Users/crius/VirtualenvWrapper/flask/lib/python3.7/site-packages/flask/app.py", line 1816, in full_dispatch_request
    return self.finalize_request(rv)
  File "/Users/crius/VirtualenvWrapper/flask/lib/python3.7/site-packages/flask/app.py", line 1833, in finalize_request
    response = self.process_response(response)
  File "/Users/crius/VirtualenvWrapper/flask/lib/python3.7/site-packages/flask/app.py", line 2114, in process_response
    self.session_interface.save_session(self, ctx.session, response)
  File "/Users/crius/VirtualenvWrapper/flask/lib/python3.7/site-packages/flask_session/sessions.py", line 166, in save_session
    time=total_seconds(app.permanent_session_lifetime))
  File "/Users/crius/VirtualenvWrapper/flask/lib/python3.7/site-packages/redis/client.py", line 1472, in setex
    return self.execute_command('SETEX', name, time, value)
  File "/Users/crius/VirtualenvWrapper/flask/lib/python3.7/site-packages/redis/client.py", line 772, in execute_command
    connection = pool.get_connection(command_name, **options)
  File "/Users/crius/VirtualenvWrapper/flask/lib/python3.7/site-packages/redis/connection.py", line 994, in get_connection
    connection.connect()
  File "/Users/crius/VirtualenvWrapper/flask/lib/python3.7/site-packages/redis/connection.py", line 497, in connect
    raise ConnectionError(self._error_message(e))
redis.exceptions.ConnectionError: Error 61 connecting to 127.0.0.1:6379. Connection refused.
INFO _internal.py :122 127.0.0.1 - - [21/May/2019 10:33:39] "GET / HTTP/1.1" 500 -
INFO _internal.py :122  * Running on http://127.0.0.1:5000/ (Press CTRL+C to quit)
INFO _internal.py :122 127.0.0.1 - - [21/May/2019 10:34:34] "GET / HTTP/1.1" 200 -
INFO _internal.py :122 127.0.0.1 - - [21/May/2019 10:34:34] "GET /static/plugins/bootstrap/css/bootstrap.min.css HTTP/1.1" 304 -
INFO _internal.py :122 127.0.0.1 - - [21/May/2019 10:34:34] "GET /static/plugins/font-awesome/css/font-awesome.min.css HTTP/1.1" 304 -
INFO _internal.py :122 127.0.0.1 - - [21/May/2019 10:34:34] "GET /static/css/reset.css HTTP/1.1" 304 -
INFO _internal.py :122 127.0.0.1 - - [21/May/2019 10:34:34] "GET /static/plugins/swiper/css/swiper.min.css HTTP/1.1" 304 -
INFO _internal.py :122 127.0.0.1 - - [21/May/2019 10:34:34] "GET /static/plugins/bootstrap-datepicker/css/bootstrap-datepicker.min.css HTTP/1.1" 304 -
INFO _internal.py :122 127.0.0.1 - - [21/May/2019 10:34:34] "GET /static/plugins/swiper/js/swiper.jquery.min.js HTTP/1.1" 200 -
INFO _internal.py :122 127.0.0.1 - - [21/May/2019 10:34:34] "GET /static/css/ihome/main.css HTTP/1.1" 304 -
INFO _internal.py :122 127.0.0.1 - - [21/May/2019 10:34:34] "GET /static/plugins/bootstrap-datepicker/js/bootstrap-datepicker.min.js HTTP/1.1" 200 -
INFO _internal.py :122 127.0.0.1 - - [21/May/2019 10:34:34] "GET /static/plugins/bootstrap-datepicker/locales/bootstrap-datepicker.zh-CN.min.js HTTP/1.1" 200 -
INFO _internal.py :122 127.0.0.1 - - [21/May/2019 10:34:34] "GET /static/js/template.js HTTP/1.1" 200 -
INFO _internal.py :122 127.0.0.1 - - [21/May/2019 10:34:34] "GET /static/js/ihome/index.js HTTP/1.1" 200 -
INFO _internal.py :122 127.0.0.1 - - [21/May/2019 10:34:34] "GET /static/css/ihome/index.css HTTP/1.1" 304 -
INFO _internal.py :122 127.0.0.1 - - [21/May/2019 10:34:34] "GET /static/js/jquery.min.js HTTP/1.1" 304 -
INFO _internal.py :122 127.0.0.1 - - [21/May/2019 10:34:34] "GET /static/plugins/bootstrap/js/bootstrap.min.js HTTP/1.1" 304 -
INFO _internal.py :122 127.0.0.1 - - [21/May/2019 10:34:34] "GET /static/images/logo@128x59.png HTTP/1.1" 304 -
INFO _internal.py :122 127.0.0.1 - - [21/May/2019 10:34:34] "GET /static/images/home01.jpg HTTP/1.1" 304 -
INFO _internal.py :122 127.0.0.1 - - [21/May/2019 10:34:34] "GET /static/images/home02.jpg HTTP/1.1" 304 -
INFO _internal.py :122 127.0.0.1 - - [21/May/2019 10:34:34] "GET /static/images/home03.jpg HTTP/1.1" 304 -
INFO _internal.py :122 127.0.0.1 - - [21/May/2019 10:34:34] "GET /static/plugins/font-awesome/fonts/fontawesome-webfont.woff2?v=4.6.3 HTTP/1.1" 200 -
INFO _internal.py :122 127.0.0.1 - - [21/May/2019 10:34:52] "GET /static/plugins/bootstrap/css/bootstrap.min.css.map HTTP/1.1" 304 -
INFO _internal.py :122 127.0.0.1 - - [21/May/2019 10:35:41] "GET /register.html HTTP/1.1" 304 -
INFO _internal.py :122 127.0.0.1 - - [21/May/2019 10:35:41] "GET /static/css/ihome/register.css HTTP/1.1" 304 -
INFO _internal.py :122 127.0.0.1 - - [21/May/2019 10:35:41] "GET /static/js/ihome/register.js HTTP/1.1" 200 -
INFO _internal.py :122 127.0.0.1 - - [21/May/2019 10:35:41] "GET /api/v1.0/img_codes/21e778e4-20a2-4e78-8d69-f99dbc692194 HTTP/1.1" 200 -
INFO _internal.py :122 127.0.0.1 - - [21/May/2019 10:35:42] "GET /static/plugins/bootstrap/css/bootstrap.min.css.map HTTP/1.1" 304 -
INFO _internal.py :122 127.0.0.1 - - [21/May/2019 10:35:59] "GET /api/v1.0/sms_codes/18662916733?image_code=mgyo&image_code_id=21e778e4-20a2-4e78-8d69-f99dbc692194 HTTP/1.1" 200 -
INFO _internal.py :122 127.0.0.1 - - [21/May/2019 10:36:03] "GET /login.html HTTP/1.1" 304 -
INFO _internal.py :122 127.0.0.1 - - [21/May/2019 10:36:03] "GET /static/css/ihome/login.css HTTP/1.1" 304 -
INFO _internal.py :122 127.0.0.1 - - [21/May/2019 10:36:03] "GET /static/js/ihome/login.js HTTP/1.1" 304 -
INFO _internal.py :122 127.0.0.1 - - [21/May/2019 10:36:03] "GET /static/plugins/bootstrap/css/bootstrap.min.css.map HTTP/1.1" 304 -
INFO _internal.py :122 127.0.0.1 - - [21/May/2019 11:22:21] "GET /static/plugins/font-awesome/fonts/fontawesome-webfont.woff2?v=4.6.3 HTTP/1.1" 200 -
INFO _internal.py :122 127.0.0.1 - - [21/May/2019 11:22:25] "GET /static/plugins/bootstrap/css/bootstrap.min.css.map HTTP/1.1" 304 -
INFO _internal.py :122  * Running on http://127.0.0.1:5000/ (Press CTRL+C to quit)
INFO _internal.py :122  * Running on http://127.0.0.1:5000/ (Press CTRL+C to quit)
INFO _internal.py :122  * Running on http://127.0.0.1:5000/ (Press CTRL+C to quit)
INFO _internal.py :122 127.0.0.1 - - [22/Jun/2019 09:12:49] "GET / HTTP/1.1" 304 -
INFO _internal.py :122 127.0.0.1 - - [22/Jun/2019 09:12:49] "GET /static/plugins/bootstrap/css/bootstrap.min.css HTTP/1.1" 200 -
INFO _internal.py :122 127.0.0.1 - - [22/Jun/2019 09:12:49] "GET /static/plugins/font-awesome/css/font-awesome.min.css HTTP/1.1" 200 -
INFO _internal.py :122 127.0.0.1 - - [22/Jun/2019 09:12:49] "GET /static/plugins/swiper/css/swiper.min.css HTTP/1.1" 200 -
INFO _internal.py :122 127.0.0.1 - - [22/Jun/2019 09:12:49] "GET /static/css/reset.css HTTP/1.1" 304 -
INFO _internal.py :122 127.0.0.1 - - [22/Jun/2019 09:12:49] "GET /static/plugins/bootstrap-datepicker/css/bootstrap-datepicker.min.css HTTP/1.1" 200 -
INFO _internal.py :122 127.0.0.1 - - [22/Jun/2019 09:12:49] "GET /static/css/ihome/main.css HTTP/1.1" 304 -
INFO _internal.py :122 127.0.0.1 - - [22/Jun/2019 09:12:49] "GET /static/css/ihome/index.css HTTP/1.1" 304 -
INFO _internal.py :122 127.0.0.1 - - [22/Jun/2019 09:12:49] "GET /static/js/jquery.min.js HTTP/1.1" 200 -
INFO _internal.py :122 127.0.0.1 - - [22/Jun/2019 09:12:49] "GET /static/plugins/bootstrap/js/bootstrap.min.js HTTP/1.1" 200 -
INFO _internal.py :122 127.0.0.1 - - [22/Jun/2019 09:12:49] "GET /static/plugins/swiper/js/swiper.jquery.min.js HTTP/1.1" 200 -
INFO _internal.py :122 127.0.0.1 - - [22/Jun/2019 09:12:49] "GET /static/plugins/bootstrap-datepicker/js/bootstrap-datepicker.min.js HTTP/1.1" 200 -
INFO _internal.py :122 127.0.0.1 - - [22/Jun/2019 09:12:49] "GET /static/plugins/bootstrap-datepicker/locales/bootstrap-datepicker.zh-CN.min.js HTTP/1.1" 304 -
INFO _internal.py :122 127.0.0.1 - - [22/Jun/2019 09:12:49] "GET /static/js/template.js HTTP/1.1" 304 -
INFO _internal.py :122 127.0.0.1 - - [22/Jun/2019 09:12:49] "GET /static/js/ihome/index.js HTTP/1.1" 304 -
INFO _internal.py :122 127.0.0.1 - - [22/Jun/2019 09:12:49] "GET /static/images/logo@128x59.png HTTP/1.1" 304 -
INFO _internal.py :122 127.0.0.1 - - [22/Jun/2019 09:12:49] "GET /static/images/home01.jpg HTTP/1.1" 200 -
INFO _internal.py :122 127.0.0.1 - - [22/Jun/2019 09:12:49] "GET /static/images/home02.jpg HTTP/1.1" 200 -
INFO _internal.py :122 127.0.0.1 - - [22/Jun/2019 09:12:49] "GET /static/images/home03.jpg HTTP/1.1" 200 -
INFO _internal.py :122 127.0.0.1 - - [22/Jun/2019 09:12:49] "GET /static/plugins/font-awesome/fonts/fontawesome-webfont.woff2?v=4.6.3 HTTP/1.1" 200 -
INFO _internal.py :122 127.0.0.1 - - [22/Jun/2019 09:12:49] "GET /favicon.ico HTTP/1.1" 304 -
INFO _internal.py :122 127.0.0.1 - - [22/Jun/2019 09:12:55] "GET /static/plugins/swiper/js/maps/swiper.jquery.min.js.map HTTP/1.1" 404 -
INFO _internal.py :122 127.0.0.1 - - [22/Jun/2019 09:12:55] "GET /static/plugins/bootstrap/css/bootstrap.min.css.map HTTP/1.1" 200 -
INFO _internal.py :122 127.0.0.1 - - [22/Jun/2019 09:13:00] "GET /login.html HTTP/1.1" 200 -
INFO _internal.py :122 127.0.0.1 - - [22/Jun/2019 09:13:00] "GET /static/css/ihome/login.css HTTP/1.1" 200 -
INFO _internal.py :122 127.0.0.1 - - [22/Jun/2019 09:13:00] "GET /static/js/ihome/login.js HTTP/1.1" 200 -
INFO _internal.py :122 127.0.0.1 - - [22/Jun/2019 09:13:05] "GET /register.html HTTP/1.1" 304 -
INFO _internal.py :122 127.0.0.1 - - [22/Jun/2019 09:13:05] "GET /static/css/ihome/register.css HTTP/1.1" 304 -
INFO _internal.py :122 127.0.0.1 - - [22/Jun/2019 09:13:05] "GET /static/js/ihome/register.js HTTP/1.1" 304 -
INFO _internal.py :122 127.0.0.1 - - [22/Jun/2019 09:13:05] "GET /api/v1.0/img_codes/07b96b25-3c23-4a48-9275-e63c34287f61 HTTP/1.1" 200 -
